This is pdfTeX, Version 3.141592653-2.6-1.40.26 (TeX Live 2024) (preloaded format=pdflatex 2024.6.6)  17 OCT 2025 03:07
entering extended mode
 restricted \write18 enabled.
 file:line:error style messages enabled.
 %&-line parsing enabled.
**"/Users/christopherluey/Library/CloudStorage/GoogleDrive-christopherluey2025@u.northwestern.edu/My Drive/Fall 2025/AA228/AA228-CS238-Student/project1/submission/project1.tex"
(/Users/christopherluey/Library/CloudStorage/GoogleDrive-christopherluey2025@u.northwestern.edu/My Drive/Fall 2025/AA228/AA228-CS238-Student/project1/submission/project1.tex
LaTeX2e <2023-11-01> patch level 1
L3 programming layer <2024-02-20>
(/usr/local/texlive/2024/texmf-dist/tex/latex/base/article.cls
Document Class: article 2023/05/17 v1.4n Standard LaTeX document class
(/usr/local/texlive/2024/texmf-dist/tex/latex/base/size11.clo
File: size11.clo 2023/05/17 v1.4n Standard LaTeX file (size option)
)
\c@part=\count188
\c@section=\count189
\c@subsection=\count190
\c@subsubsection=\count191
\c@paragraph=\count192
\c@subparagraph=\count193
\c@figure=\count194
\c@table=\count195
\abovecaptionskip=\skip48
\belowcaptionskip=\skip49
\bibindent=\dimen140
)

! LaTeX Error: File `aa228-jmlr2e.sty' not found.

Type X to quit or <RETURN> to proceed,
or enter new name. (Default extension: sty)

Enter file name: 
/Users/christopherluey/Library/CloudStorage/GoogleDrive-christopherluey2025@u.northwestern.edu/My Drive/Fall 2025/AA228/AA228-CS238-Student/project1/submission/project1.tex:4: Emergency stop.
<read *> 
         
l.4 \usepackage
               {lipsum}^^M
*** (cannot \read from terminal in nonstop modes)

 
Here is how much of TeX's memory you used:
 231 strings out of 474116
 3369 string characters out of 5743683
 1925187 words of memory out of 5000000
 22682 multiletter control sequences out of 15000+600000
 558369 words of font info for 37 fonts, out of 8000000 for 9000
 1141 hyphenation exceptions out of 8191
 35i,0n,38p,287b,36s stack positions out of 10000i,1000n,20000p,200000b,200000s
/Users/christopherluey/Library/CloudStorage/GoogleDrive-christopherluey2025@u.northwestern.edu/My Drive/Fall 2025/AA228/AA228-CS238-Student/project1/submission/project1.tex:4:  ==> Fatal error occurred, no output PDF file produced!
